<?xml version="1.0" encoding="UTF-8"?>
<testng-results ignored="0" total="1" passed="1" failed="0" skipped="0">
  <reporter-output>
  </reporter-output>
  <suite started-at="2023-12-22T14:58:34 IST" name="Suite" finished-at="2023-12-22T14:58:48 IST" duration-ms="13397">
    <groups>
    </groups>
    <test started-at="2023-12-22T14:58:34 IST" name="Test" finished-at="2023-12-22T14:58:48 IST" duration-ms="13397">
      <class name="test.LoginTest">
        <test-method is-config="true" signature="beforeMethod(java.lang.String)[pri:0, instance:test.LoginTest@149e0f5d]" started-at="2023-12-22T14:58:35 IST" name="beforeMethod" finished-at="2023-12-22T14:58:45 IST" duration-ms="9917" status="PASS">
          <params>
            <param index="0">
              <value>
                <![CDATA[chrome]]>
              </value>
            </param>
          </params>
          <reporter-output>
          </reporter-output>
        </test-method> <!-- beforeMethod -->
        <test-method signature="verifyLogIn(java.lang.String,java.lang.String)[pri:0, instance:test.LoginTest@149e0f5d]" started-at="2023-12-22T14:58:45 IST" name="verifyLogIn" data-provider="dp" finished-at="2023-12-22T14:58:48 IST" duration-ms="2464" status="PASS">
          <params>
            <param index="0">
              <value>
                <![CDATA[admin@admin.com]]>
              </value>
            </param>
            <param index="1">
              <value>
                <![CDATA[12345678]]>
              </value>
            </param>
          </params>
          <reporter-output>
          </reporter-output>
        </test-method> <!-- verifyLogIn -->
      </class> <!-- test.LoginTest -->
    </test> <!-- Test -->
  </suite> <!-- Suite -->
</testng-results>
