<?xml version="1.0" encoding="UTF-8"?>
<testng-results ignored="0" total="1" passed="1" failed="0" skipped="0">
  <reporter-output>
  </reporter-output>
  <suite started-at="2023-12-22T14:28:30 IST" name="Default suite" finished-at="2023-12-22T14:28:56 IST" duration-ms="26344">
    <groups>
    </groups>
    <test started-at="2023-12-22T14:28:30 IST" name="Default test" finished-at="2023-12-22T14:28:56 IST" duration-ms="26344">
      <class name="test.LoginTest">
        <test-method is-config="true" signature="beforeMethod(java.lang.String)[pri:0, instance:test.LoginTest@6379eb]" started-at="2023-12-22T14:28:32 IST" name="beforeMethod" finished-at="2023-12-22T14:28:53 IST" duration-ms="21477" status="PASS">
          <params>
            <param index="0">
              <value>
                <![CDATA[chrome]]>
              </value>
            </param>
          </params>
          <reporter-output>
          </reporter-output>
        </test-method> <!-- beforeMethod -->
        <test-method signature="verifyLogIn(java.lang.String,java.lang.String)[pri:0, instance:test.LoginTest@6379eb]" started-at="2023-12-22T14:28:53 IST" name="verifyLogIn" data-provider="dp" finished-at="2023-12-22T14:28:56 IST" duration-ms="3322" status="PASS">
          <params>
            <param index="0">
              <value>
                <![CDATA[admin@admin.com]]>
              </value>
            </param>
            <param index="1">
              <value>
                <![CDATA[12345678]]>
              </value>
            </param>
          </params>
          <reporter-output>
          </reporter-output>
        </test-method> <!-- verifyLogIn -->
      </class> <!-- test.LoginTest -->
    </test> <!-- Default test -->
  </suite> <!-- Default suite -->
</testng-results>
